<?xml version="1.0" encoding="UTF-8"?>
<!-- Generated by org.testng.reporters.JUnitXMLReporter -->
<testsuite hostname="SKY-4DL5RV2-10" ignored="0" name="Test" tests="3" failures="0" timestamp="30 Jan 2021 16:32:54 GMT" time="5.846" errors="0">
  <testcase name="login" time="0.516" classname="exceldataprovider.TestNGDataProviderDemo"/>
  <testcase name="login" time="0.325" classname="exceldataprovider.TestNGDataProviderDemo"/>
  <testcase name="login" time="0.28" classname="exceldataprovider.TestNGDataProviderDemo"/>
</testsuite> <!-- Test -->
