<?xml version="1.0" encoding="UTF-8"?>
<testng-results ignored="0" total="1" passed="1" failed="0" skipped="0">
  <reporter-output>
  </reporter-output>
  <suite started-at="2021-02-06T15:44:16Z" name="Default suite" finished-at="2021-02-06T15:44:39Z" duration-ms="22374">
    <groups>
    </groups>
    <test started-at="2021-02-06T15:44:16Z" name="Default test" finished-at="2021-02-06T15:44:39Z" duration-ms="22374">
      <class name="testcases.HotelSearchTest">
        <test-method is-config="true" signature="init()[pri:0, instance:testcases.HotelSearchTest@1fb19a0]" started-at="2021-02-06T15:44:16Z" name="init" finished-at="2021-02-06T15:44:26Z" duration-ms="9959" status="PASS">
          <reporter-output>
          </reporter-output>
        </test-method> <!-- init -->
        <test-method signature="searchHotel()[pri:0, instance:testcases.HotelSearchTest@1fb19a0]" started-at="2021-02-06T15:44:26Z" name="searchHotel" finished-at="2021-02-06T15:44:39Z" duration-ms="12378" status="PASS">
          <reporter-output>
          </reporter-output>
        </test-method> <!-- searchHotel -->
      </class> <!-- testcases.HotelSearchTest -->
    </test> <!-- Default test -->
  </suite> <!-- Default suite -->
</testng-results>
